2018-01-24T19:06:07.571847Z 0 [Warning] TIMESTAMP with implicit DEFAULT value is deprecated. Please use --explicit_defaults_for_timestamp server option (see documentation for more details).
2018-01-24T19:06:07.571847Z 0 [Warning] 'NO_ZERO_DATE', 'NO_ZERO_IN_DATE' and 'ERROR_FOR_DIVISION_BY_ZERO' sql modes should be used with strict mode. They will be merged with strict mode in a future release.
2018-01-24T19:06:07.571847Z 0 [Warning] 'NO_AUTO_CREATE_USER' sql mode was not set.
2018-01-24T19:06:07.571847Z 0 [Warning] Insecure configuration for --secure-file-priv: Current value does not restrict location of generated files. Consider setting it to a valid, non-empty path.
2018-01-24T19:06:07.587447Z 0 [ERROR] Cannot open Windows EventLog; check privileges, or start server with --log_syslog=0
2018-01-24T19:06:07.587447Z 0 [Note] D:\tylerfulton_dynamicweb\UwAmp\UwAmp\bin\database\mysql-5.7.11\bin\mysqld.exe (mysqld 5.7.11) starting as process 7400 ...
2018-01-24T19:06:07.587447Z 0 [ERROR] Can't open shared library 'D:\tylerfulton_dynamicweb\UwAmp\UwAmp\bin\database\mysql-5.7.11\lib\plugin\keyring_file.dll' (errno: 126 The specified module could not be found.)
2018-01-24T19:06:07.603048Z 0 [ERROR] Couldn't load plugin named 'keyring_file' with soname 'keyring_file.dll'.
2018-01-24T19:06:07.603048Z 0 [Note] InnoDB: Mutexes and rw_locks use Windows interlocked functions
2018-01-24T19:06:07.603048Z 0 [Note] InnoDB: Uses event mutexes
2018-01-24T19:06:07.603048Z 0 [Note] InnoDB: Memory barrier is not used
2018-01-24T19:06:07.603048Z 0 [Note] InnoDB: Compressed tables use zlib 1.2.3
2018-01-24T19:06:07.603048Z 0 [Note] InnoDB: Number of pools: 1
2018-01-24T19:06:07.603048Z 0 [Note] InnoDB: Not using CPU crc32 instructions
2018-01-24T19:06:07.683051Z 0 [Note] InnoDB: Initializing buffer pool, total size = 128M, instances = 1, chunk size = 128M
2018-01-24T19:06:07.698652Z 0 [Note] InnoDB: Completed initialization of buffer pool
2018-01-24T19:06:07.792255Z 0 [Note] InnoDB: Setting log file .\ib_logfile101 size to 48 MB
2018-01-24T19:06:08.525484Z 0 [Note] InnoDB: Setting log file .\ib_logfile1 size to 48 MB
2018-01-24T19:06:09.034308Z 0 [Note] InnoDB: Renaming log file .\ib_logfile101 to .\ib_logfile0
2018-01-24T19:06:09.049908Z 0 [Warning] InnoDB: New log files created, LSN=2602779
2018-01-24T19:06:09.049908Z 0 [Note] InnoDB: Highest supported file format is Barracuda.
2018-01-24T19:06:09.049908Z 0 [Note] InnoDB: Log scan progressed past the checkpoint lsn 2603020
2018-01-24T19:06:09.049908Z 0 [Note] InnoDB: Doing recovery: scanned up to log sequence number 2603029
2018-01-24T19:06:09.049908Z 0 [Note] InnoDB: Doing recovery: scanned up to log sequence number 2603029
2018-01-24T19:06:09.049908Z 0 [Note] InnoDB: Database was not shutdown normally!
2018-01-24T19:06:09.049908Z 0 [Note] InnoDB: Starting crash recovery.
2018-01-24T19:06:09.377521Z 0 [Note] InnoDB: Creating shared tablespace for temporary tables
2018-01-24T19:06:09.377521Z 0 [Note] InnoDB: Setting file '.\ibtmp1' size to 12 MB. Physically writing the file full; Please wait ...
2018-01-24T19:06:09.517926Z 0 [Note] InnoDB: File '.\ibtmp1' size is now 12 MB.
2018-01-24T19:06:09.533527Z 0 [Note] InnoDB: 96 redo rollback segment(s) found. 96 redo rollback segment(s) are active.
2018-01-24T19:06:09.533527Z 0 [Note] InnoDB: 32 non-redo rollback segment(s) are active.
2018-01-24T19:06:09.533527Z 0 [Note] InnoDB: Waiting for purge to start
2018-01-24T19:06:09.611530Z 0 [Note] InnoDB: 5.7.11 started; log sequence number 2603029
2018-01-24T19:06:09.611530Z 0 [Note] Plugin 'FEDERATED' is disabled.
2018-01-24T19:06:09.627130Z 0 [Note] InnoDB: Loading buffer pool(s) from D:\tylerfulton_dynamicweb\UwAmp\UwAmp\bin\database\mysql-5.7.11\data\ib_buffer_pool
2018-01-24T19:06:09.751935Z 0 [Warning] Failed to set up SSL because of the following SSL library error: SSL context is not usable without certificate and private key
2018-01-24T19:06:09.751935Z 0 [Note] Server hostname (bind-address): '*'; port: 3306
2018-01-24T19:06:09.751935Z 0 [Note] IPv6 is available.
2018-01-24T19:06:09.751935Z 0 [Note]   - '::' resolves to '::';
2018-01-24T19:06:09.751935Z 0 [Note] Server socket created on IP: '::'.
2018-01-24T19:06:09.829938Z 0 [Note] InnoDB: Buffer pool(s) load completed at 180124 12:06:09
2018-01-24T19:06:09.845539Z 0 [Note] Event Scheduler: Loaded 0 events
2018-01-24T19:06:09.845539Z 0 [Note] D:\tylerfulton_dynamicweb\UwAmp\UwAmp\bin\database\mysql-5.7.11\bin\mysqld.exe: ready for connections.
Version: '5.7.11'  socket: ''  port: 3306  MySQL Community Server (GPL)
2018-01-24T21:42:50.071159Z 0 [Note] D:\tylerfulton_dynamicweb\UwAmp\UwAmp\bin\database\mysql-5.7.11\bin\mysqld.exe: Normal shutdown

2018-01-24T21:42:50.071159Z 0 [Note] Giving 0 client threads a chance to die gracefully
2018-01-24T21:42:50.071159Z 0 [Note] Shutting down slave threads
2018-01-24T21:42:50.071159Z 0 [Note] Forcefully disconnecting 0 remaining clients
2018-01-24T21:42:50.071159Z 0 [Note] Event Scheduler: Purging the queue. 0 events
2018-01-24T21:42:50.081160Z 0 [Note] Binlog end
2018-01-24T21:42:50.081160Z 0 [Note] Shutting down plugin 'ngram'
2018-01-24T21:42:50.081160Z 0 [Note] Shutting down plugin 'partition'
2018-01-24T21:42:50.081160Z 0 [Note] Shutting down plugin 'BLACKHOLE'
2018-01-24T21:42:50.081160Z 0 [Note] Shutting down plugin 'ARCHIVE'
2018-01-24T21:42:50.081160Z 0 [Note] Shutting down plugin 'PERFORMANCE_SCHEMA'
2018-01-24T21:42:50.081160Z 0 [Note] Shutting down plugin 'MRG_MYISAM'
2018-01-24T21:42:50.081160Z 0 [Note] Shutting down plugin 'MyISAM'
2018-01-24T21:42:50.081160Z 0 [Note] Shutting down plugin 'INNODB_SYS_VIRTUAL'
2018-01-24T21:42:50.081160Z 0 [Note] Shutting down plugin 'INNODB_SYS_DATAFILES'
2018-01-24T21:42:50.081160Z 0 [Note] Shutting down plugin 'INNODB_SYS_TABLESPACES'
2018-01-24T21:42:50.081160Z 0 [Note] Shutting down plugin 'INNODB_SYS_FOREIGN_COLS'
2018-01-24T21:42:50.081160Z 0 [Note] Shutting down plugin 'INNODB_SYS_FOREIGN'
2018-01-24T21:42:50.081160Z 0 [Note] Shutting down plugin 'INNODB_SYS_FIELDS'
2018-01-24T21:42:50.081160Z 0 [Note] Shutting down plugin 'INNODB_SYS_COLUMNS'
2018-01-24T21:42:50.081160Z 0 [Note] Shutting down plugin 'INNODB_SYS_INDEXES'
2018-01-24T21:42:50.081160Z 0 [Note] Shutting down plugin 'INNODB_SYS_TABLESTATS'
2018-01-24T21:42:50.081160Z 0 [Note] Shutting down plugin 'INNODB_SYS_TABLES'
2018-01-24T21:42:50.081160Z 0 [Note] Shutting down plugin 'INNODB_FT_INDEX_TABLE'
2018-01-24T21:42:50.081160Z 0 [Note] Shutting down plugin 'INNODB_FT_INDEX_CACHE'
2018-01-24T21:42:50.081160Z 0 [Note] Shutting down plugin 'INNODB_FT_CONFIG'
2018-01-24T21:42:50.091160Z 0 [Note] Shutting down plugin 'INNODB_FT_BEING_DELETED'
2018-01-24T21:42:50.091160Z 0 [Note] Shutting down plugin 'INNODB_FT_DELETED'
2018-01-24T21:42:50.091160Z 0 [Note] Shutting down plugin 'INNODB_FT_DEFAULT_STOPWORD'
2018-01-24T21:42:50.091160Z 0 [Note] Shutting down plugin 'INNODB_METRICS'
2018-01-24T21:42:50.091160Z 0 [Note] Shutting down plugin 'INNODB_TEMP_TABLE_INFO'
2018-01-24T21:42:50.091160Z 0 [Note] Shutting down plugin 'INNODB_BUFFER_POOL_STATS'
2018-01-24T21:42:50.091160Z 0 [Note] Shutting down plugin 'INNODB_BUFFER_PAGE_LRU'
2018-01-24T21:42:50.091160Z 0 [Note] Shutting down plugin 'INNODB_BUFFER_PAGE'
2018-01-24T21:42:50.091160Z 0 [Note] Shutting down plugin 'INNODB_CMP_PER_INDEX_RESET'
2018-01-24T21:42:50.091160Z 0 [Note] Shutting down plugin 'INNODB_CMP_PER_INDEX'
2018-01-24T21:42:50.091160Z 0 [Note] Shutting down plugin 'INNODB_CMPMEM_RESET'
2018-01-24T21:42:50.091160Z 0 [Note] Shutting down plugin 'INNODB_CMPMEM'
2018-01-24T21:42:50.091160Z 0 [Note] Shutting down plugin 'INNODB_CMP_RESET'
2018-01-24T21:42:50.091160Z 0 [Note] Shutting down plugin 'INNODB_CMP'
2018-01-24T21:42:50.091160Z 0 [Note] Shutting down plugin 'INNODB_LOCK_WAITS'
2018-01-24T21:42:50.091160Z 0 [Note] Shutting down plugin 'INNODB_LOCKS'
2018-01-24T21:42:50.091160Z 0 [Note] Shutting down plugin 'INNODB_TRX'
2018-01-24T21:42:50.091160Z 0 [Note] Shutting down plugin 'InnoDB'
2018-01-24T21:42:50.091160Z 0 [Note] InnoDB: FTS optimize thread exiting.
2018-01-24T21:42:50.091160Z 0 [Note] InnoDB: Starting shutdown...
2018-01-24T21:42:50.191164Z 0 [Note] InnoDB: Dumping buffer pool(s) to D:\tylerfulton_dynamicweb\UwAmp\UwAmp\bin\database\mysql-5.7.11\data\ib_buffer_pool
2018-01-24T21:42:50.201164Z 0 [Note] InnoDB: Buffer pool(s) dump completed at 180124 14:42:50
2018-01-24T21:42:51.071599Z 0 [Note] InnoDB: Shutdown completed; log sequence number 2603057
2018-01-24T21:42:51.071599Z 0 [Note] InnoDB: Removed temporary tablespace data file: "ibtmp1"
2018-01-24T21:42:51.071599Z 0 [Note] Shutting down plugin 'MEMORY'
2018-01-24T21:42:51.071599Z 0 [Note] Shutting down plugin 'CSV'
2018-01-24T21:42:51.071599Z 0 [Note] Shutting down plugin 'sha256_password'
2018-01-24T21:42:51.071599Z 0 [Note] Shutting down plugin 'mysql_native_password'
2018-01-24T21:42:51.071599Z 0 [Note] Shutting down plugin 'binlog'
2018-01-24T21:42:51.071599Z 0 [Note] D:\tylerfulton_dynamicweb\UwAmp\UwAmp\bin\database\mysql-5.7.11\bin\mysqld.exe: Shutdown complete

2018-03-21T18:10:19.330982Z 0 [Warning] TIMESTAMP with implicit DEFAULT value is deprecated. Please use --explicit_defaults_for_timestamp server option (see documentation for more details).
2018-03-21T18:10:19.330982Z 0 [Warning] 'NO_ZERO_DATE', 'NO_ZERO_IN_DATE' and 'ERROR_FOR_DIVISION_BY_ZERO' sql modes should be used with strict mode. They will be merged with strict mode in a future release.
2018-03-21T18:10:19.330982Z 0 [Warning] 'NO_AUTO_CREATE_USER' sql mode was not set.
2018-03-21T18:10:19.330982Z 0 [Warning] Insecure configuration for --secure-file-priv: Current value does not restrict location of generated files. Consider setting it to a valid, non-empty path.
2018-03-21T18:10:19.330982Z 0 [ERROR] Cannot open Windows EventLog; check privileges, or start server with --log_syslog=0
2018-03-21T18:10:19.330982Z 0 [Note] F:\year3_sem2\dynamic_web\UwAmp\bin\database\mysql-5.7.11\bin\mysqld.exe (mysqld 5.7.11) starting as process 4852 ...
2018-03-21T18:10:19.471386Z 0 [ERROR] Can't open shared library 'F:\year3_sem2\dynamic_web\UwAmp\bin\database\mysql-5.7.11\lib\plugin\keyring_file.dll' (errno: 126 The specified module could not be found.)
2018-03-21T18:10:19.471386Z 0 [ERROR] Couldn't load plugin named 'keyring_file' with soname 'keyring_file.dll'.
2018-03-21T18:10:19.471386Z 0 [Note] InnoDB: Mutexes and rw_locks use Windows interlocked functions
2018-03-21T18:10:19.471386Z 0 [Note] InnoDB: Uses event mutexes
2018-03-21T18:10:19.471386Z 0 [Note] InnoDB: Memory barrier is not used
2018-03-21T18:10:19.471386Z 0 [Note] InnoDB: Compressed tables use zlib 1.2.3
2018-03-21T18:10:19.486986Z 0 [Note] InnoDB: Number of pools: 1
2018-03-21T18:10:19.486986Z 0 [Note] InnoDB: Not using CPU crc32 instructions
2018-03-21T18:10:19.549388Z 0 [Note] InnoDB: Initializing buffer pool, total size = 128M, instances = 1, chunk size = 128M
2018-03-21T18:10:19.564988Z 0 [Note] InnoDB: Completed initialization of buffer pool
2018-03-21T18:10:19.736593Z 0 [Note] InnoDB: Highest supported file format is Barracuda.
2018-03-21T18:10:19.752193Z 0 [Note] InnoDB: Log scan progressed past the checkpoint lsn 2603160
2018-03-21T18:10:19.752193Z 0 [Note] InnoDB: Doing recovery: scanned up to log sequence number 2603169
2018-03-21T18:10:19.752193Z 0 [Note] InnoDB: Doing recovery: scanned up to log sequence number 2603169
2018-03-21T18:10:19.752193Z 0 [Note] InnoDB: Database was not shutdown normally!
2018-03-21T18:10:19.752193Z 0 [Note] InnoDB: Starting crash recovery.
2018-03-21T18:10:20.672617Z 0 [Note] InnoDB: Removed temporary tablespace data file: "ibtmp1"
2018-03-21T18:10:20.672617Z 0 [Note] InnoDB: Creating shared tablespace for temporary tables
2018-03-21T18:10:20.672617Z 0 [Note] InnoDB: Setting file '.\ibtmp1' size to 12 MB. Physically writing the file full; Please wait ...
2018-03-21T18:10:21.109428Z 0 [Note] InnoDB: File '.\ibtmp1' size is now 12 MB.
2018-03-21T18:10:21.156229Z 0 [Note] InnoDB: 96 redo rollback segment(s) found. 96 redo rollback segment(s) are active.
2018-03-21T18:10:21.156229Z 0 [Note] InnoDB: 32 non-redo rollback segment(s) are active.
2018-03-21T18:10:21.156229Z 0 [Note] InnoDB: Waiting for purge to start
2018-03-21T18:10:21.281032Z 0 [Note] InnoDB: 5.7.11 started; log sequence number 2603169
2018-03-21T18:10:21.281032Z 0 [Note] InnoDB: Loading buffer pool(s) from F:\year3_sem2\dynamic_web\UwAmp\bin\database\mysql-5.7.11\data\ib_buffer_pool
2018-03-21T18:10:21.281032Z 0 [Note] Plugin 'FEDERATED' is disabled.
2018-03-21T18:10:21.359034Z 0 [Warning] Failed to set up SSL because of the following SSL library error: SSL context is not usable without certificate and private key
2018-03-21T18:10:21.359034Z 0 [Note] Server hostname (bind-address): '*'; port: 3306
2018-03-21T18:10:21.359034Z 0 [Note] IPv6 is available.
2018-03-21T18:10:21.359034Z 0 [Note]   - '::' resolves to '::';
2018-03-21T18:10:21.359034Z 0 [Note] Server socket created on IP: '::'.
2018-03-21T18:10:21.452637Z 0 [Note] InnoDB: Buffer pool(s) load completed at 180321 12:10:21
2018-03-21T18:10:22.622667Z 0 [Note] Event Scheduler: Loaded 0 events
2018-03-21T18:10:22.622667Z 0 [Note] F:\year3_sem2\dynamic_web\UwAmp\bin\database\mysql-5.7.11\bin\mysqld.exe: ready for connections.
Version: '5.7.11'  socket: ''  port: 3306  MySQL Community Server (GPL)
2018-03-21T18:13:32.302688Z 0 [Note] F:\year3_sem2\dynamic_web\UwAmp\bin\database\mysql-5.7.11\bin\mysqld.exe: Normal shutdown

2018-03-21T18:13:32.302688Z 0 [Note] Giving 0 client threads a chance to die gracefully
2018-03-21T18:13:32.302688Z 0 [Note] Shutting down slave threads
2018-03-21T18:13:32.302688Z 0 [Note] Forcefully disconnecting 0 remaining clients
2018-03-21T18:13:32.302688Z 0 [Note] Event Scheduler: Purging the queue. 0 events
2018-03-21T18:13:32.302688Z 0 [Note] Binlog end
2018-03-21T18:13:32.302688Z 0 [Note] Shutting down plugin 'ngram'
2018-03-21T18:13:32.302688Z 0 [Note] Shutting down plugin 'partition'
2018-03-21T18:13:32.302688Z 0 [Note] Shutting down plugin 'BLACKHOLE'
2018-03-21T18:13:32.302688Z 0 [Note] Shutting down plugin 'ARCHIVE'
2018-03-21T18:13:32.302688Z 0 [Note] Shutting down plugin 'PERFORMANCE_SCHEMA'
2018-03-21T18:13:32.302688Z 0 [Note] Shutting down plugin 'MRG_MYISAM'
2018-03-21T18:13:32.302688Z 0 [Note] Shutting down plugin 'MyISAM'
2018-03-21T18:13:32.302688Z 0 [Note] Shutting down plugin 'INNODB_SYS_VIRTUAL'
2018-03-21T18:13:32.302688Z 0 [Note] Shutting down plugin 'INNODB_SYS_DATAFILES'
2018-03-21T18:13:32.302688Z 0 [Note] Shutting down plugin 'INNODB_SYS_TABLESPACES'
2018-03-21T18:13:32.302688Z 0 [Note] Shutting down plugin 'INNODB_SYS_FOREIGN_COLS'
2018-03-21T18:13:32.302688Z 0 [Note] Shutting down plugin 'INNODB_SYS_FOREIGN'
2018-03-21T18:13:32.302688Z 0 [Note] Shutting down plugin 'INNODB_SYS_FIELDS'
2018-03-21T18:13:32.302688Z 0 [Note] Shutting down plugin 'INNODB_SYS_COLUMNS'
2018-03-21T18:13:32.302688Z 0 [Note] Shutting down plugin 'INNODB_SYS_INDEXES'
2018-03-21T18:13:32.302688Z 0 [Note] Shutting down plugin 'INNODB_SYS_TABLESTATS'
2018-03-21T18:13:32.302688Z 0 [Note] Shutting down plugin 'INNODB_SYS_TABLES'
2018-03-21T18:13:32.302688Z 0 [Note] Shutting down plugin 'INNODB_FT_INDEX_TABLE'
2018-03-21T18:13:32.302688Z 0 [Note] Shutting down plugin 'INNODB_FT_INDEX_CACHE'
2018-03-21T18:13:32.302688Z 0 [Note] Shutting down plugin 'INNODB_FT_CONFIG'
2018-03-21T18:13:32.302688Z 0 [Note] Shutting down plugin 'INNODB_FT_BEING_DELETED'
2018-03-21T18:13:32.302688Z 0 [Note] Shutting down plugin 'INNODB_FT_DELETED'
2018-03-21T18:13:32.302688Z 0 [Note] Shutting down plugin 'INNODB_FT_DEFAULT_STOPWORD'
2018-03-21T18:13:32.302688Z 0 [Note] Shutting down plugin 'INNODB_METRICS'
2018-03-21T18:13:32.302688Z 0 [Note] Shutting down plugin 'INNODB_TEMP_TABLE_INFO'
2018-03-21T18:13:32.302688Z 0 [Note] Shutting down plugin 'INNODB_BUFFER_POOL_STATS'
2018-03-21T18:13:32.318289Z 0 [Note] Shutting down plugin 'INNODB_BUFFER_PAGE_LRU'
2018-03-21T18:13:32.318289Z 0 [Note] Shutting down plugin 'INNODB_BUFFER_PAGE'
2018-03-21T18:13:32.318289Z 0 [Note] Shutting down plugin 'INNODB_CMP_PER_INDEX_RESET'
2018-03-21T18:13:32.318289Z 0 [Note] Shutting down plugin 'INNODB_CMP_PER_INDEX'
2018-03-21T18:13:32.318289Z 0 [Note] Shutting down plugin 'INNODB_CMPMEM_RESET'
2018-03-21T18:13:32.318289Z 0 [Note] Shutting down plugin 'INNODB_CMPMEM'
2018-03-21T18:13:32.318289Z 0 [Note] Shutting down plugin 'INNODB_CMP_RESET'
2018-03-21T18:13:32.318289Z 0 [Note] Shutting down plugin 'INNODB_CMP'
2018-03-21T18:13:32.318289Z 0 [Note] Shutting down plugin 'INNODB_LOCK_WAITS'
2018-03-21T18:13:32.318289Z 0 [Note] Shutting down plugin 'INNODB_LOCKS'
2018-03-21T18:13:32.318289Z 0 [Note] Shutting down plugin 'INNODB_TRX'
2018-03-21T18:13:32.318289Z 0 [Note] Shutting down plugin 'InnoDB'
2018-03-21T18:13:32.318289Z 0 [Note] InnoDB: FTS optimize thread exiting.
2018-03-21T18:13:32.318289Z 0 [Note] InnoDB: Starting shutdown...
2018-03-21T18:13:32.427492Z 0 [Note] InnoDB: Dumping buffer pool(s) to F:\year3_sem2\dynamic_web\UwAmp\bin\database\mysql-5.7.11\data\ib_buffer_pool
2018-03-21T18:13:32.427492Z 0 [Note] InnoDB: Buffer pool(s) dump completed at 180321 12:13:32
2018-03-21T18:13:33.332315Z 0 [Note] InnoDB: Shutdown completed; log sequence number 2603197
2018-03-21T18:13:33.332315Z 0 [Note] InnoDB: Removed temporary tablespace data file: "ibtmp1"
2018-03-21T18:13:33.347915Z 0 [Note] Shutting down plugin 'MEMORY'
2018-03-21T18:13:33.347915Z 0 [Note] Shutting down plugin 'CSV'
2018-03-21T18:13:33.347915Z 0 [Note] Shutting down plugin 'sha256_password'
2018-03-21T18:13:33.347915Z 0 [Note] Shutting down plugin 'mysql_native_password'
2018-03-21T18:13:33.347915Z 0 [Note] Shutting down plugin 'binlog'
2018-03-21T18:13:33.347915Z 0 [Note] F:\year3_sem2\dynamic_web\UwAmp\bin\database\mysql-5.7.11\bin\mysqld.exe: Shutdown complete

2018-03-21T18:13:34.049933Z 0 [Warning] TIMESTAMP with implicit DEFAULT value is deprecated. Please use --explicit_defaults_for_timestamp server option (see documentation for more details).
2018-03-21T18:13:34.049933Z 0 [Warning] 'NO_ZERO_DATE', 'NO_ZERO_IN_DATE' and 'ERROR_FOR_DIVISION_BY_ZERO' sql modes should be used with strict mode. They will be merged with strict mode in a future release.
2018-03-21T18:13:34.049933Z 0 [Warning] 'NO_AUTO_CREATE_USER' sql mode was not set.
2018-03-21T18:13:34.049933Z 0 [Warning] Insecure configuration for --secure-file-priv: Current value does not restrict location of generated files. Consider setting it to a valid, non-empty path.
2018-03-21T18:13:34.049933Z 0 [ERROR] Cannot open Windows EventLog; check privileges, or start server with --log_syslog=0
2018-03-21T18:13:34.049933Z 0 [Note] F:\year3_sem2\dynamic_web\UwAmp\bin\database\mysql-5.7.11\bin\mysqld.exe (mysqld 5.7.11) starting as process 5140 ...
2018-03-21T18:13:34.065534Z 0 [ERROR] Can't open shared library 'F:\year3_sem2\dynamic_web\UwAmp\bin\database\mysql-5.7.11\lib\plugin\keyring_file.dll' (errno: 126 The specified module could not be found.)
2018-03-21T18:13:34.065534Z 0 [ERROR] Couldn't load plugin named 'keyring_file' with soname 'keyring_file.dll'.
2018-03-21T18:13:34.065534Z 0 [Note] InnoDB: Mutexes and rw_locks use Windows interlocked functions
2018-03-21T18:13:34.065534Z 0 [Note] InnoDB: Uses event mutexes
2018-03-21T18:13:34.065534Z 0 [Note] InnoDB: Memory barrier is not used
2018-03-21T18:13:34.065534Z 0 [Note] InnoDB: Compressed tables use zlib 1.2.3
2018-03-21T18:13:34.065534Z 0 [Note] InnoDB: Number of pools: 1
2018-03-21T18:13:34.081134Z 0 [Note] InnoDB: Not using CPU crc32 instructions
2018-03-21T18:13:34.127935Z 0 [Note] InnoDB: Initializing buffer pool, total size = 128M, instances = 1, chunk size = 128M
2018-03-21T18:13:34.143536Z 0 [Note] InnoDB: Completed initialization of buffer pool
2018-03-21T18:13:34.252738Z 0 [Note] InnoDB: Highest supported file format is Barracuda.
2018-03-21T18:13:34.517945Z 0 [Note] InnoDB: Creating shared tablespace for temporary tables
2018-03-21T18:13:34.533546Z 0 [Note] InnoDB: Setting file '.\ibtmp1' size to 12 MB. Physically writing the file full; Please wait ...
2018-03-21T18:13:34.954756Z 0 [Note] InnoDB: File '.\ibtmp1' size is now 12 MB.
2018-03-21T18:13:35.001558Z 0 [Note] InnoDB: 96 redo rollback segment(s) found. 96 redo rollback segment(s) are active.
2018-03-21T18:13:35.001558Z 0 [Note] InnoDB: 32 non-redo rollback segment(s) are active.
2018-03-21T18:13:35.001558Z 0 [Note] InnoDB: Waiting for purge to start
2018-03-21T18:13:35.063959Z 0 [Note] InnoDB: 5.7.11 started; log sequence number 2603197
2018-03-21T18:13:35.063959Z 0 [Note] InnoDB: Loading buffer pool(s) from F:\year3_sem2\dynamic_web\UwAmp\bin\database\mysql-5.7.11\data\ib_buffer_pool
2018-03-21T18:13:35.063959Z 0 [Note] Plugin 'FEDERATED' is disabled.
2018-03-21T18:13:35.095160Z 0 [Warning] Failed to set up SSL because of the following SSL library error: SSL context is not usable without certificate and private key
2018-03-21T18:13:35.095160Z 0 [Note] Server hostname (bind-address): '*'; port: 3306
2018-03-21T18:13:35.110760Z 0 [Note] IPv6 is available.
2018-03-21T18:13:35.110760Z 0 [Note]   - '::' resolves to '::';
2018-03-21T18:13:35.110760Z 0 [Note] Server socket created on IP: '::'.
2018-03-21T18:13:35.188762Z 0 [Note] InnoDB: Buffer pool(s) load completed at 180321 12:13:35
2018-03-21T18:13:35.188762Z 0 [Note] Event Scheduler: Loaded 0 events
2018-03-21T18:13:35.204363Z 0 [Note] F:\year3_sem2\dynamic_web\UwAmp\bin\database\mysql-5.7.11\bin\mysqld.exe: ready for connections.
Version: '5.7.11'  socket: ''  port: 3306  MySQL Community Server (GPL)
2018-03-21T18:17:13.488574Z 0 [Note] F:\year3_sem2\dynamic_web\UwAmp\bin\database\mysql-5.7.11\bin\mysqld.exe: Normal shutdown

2018-03-21T18:17:13.488574Z 0 [Note] Giving 0 client threads a chance to die gracefully
2018-03-21T18:17:13.488574Z 0 [Note] Shutting down slave threads
2018-03-21T18:17:13.488574Z 0 [Note] Forcefully disconnecting 0 remaining clients
2018-03-21T18:17:13.488574Z 0 [Note] Event Scheduler: Purging the queue. 0 events
2018-03-21T18:17:13.488574Z 0 [Note] Binlog end
2018-03-21T18:17:13.488574Z 0 [Note] Shutting down plugin 'ngram'
2018-03-21T18:17:13.488574Z 0 [Note] Shutting down plugin 'partition'
2018-03-21T18:17:13.488574Z 0 [Note] Shutting down plugin 'BLACKHOLE'
2018-03-21T18:17:13.488574Z 0 [Note] Shutting down plugin 'ARCHIVE'
2018-03-21T18:17:13.488574Z 0 [Note] Shutting down plugin 'PERFORMANCE_SCHEMA'
2018-03-21T18:17:13.488574Z 0 [Note] Shutting down plugin 'MRG_MYISAM'
2018-03-21T18:17:13.488574Z 0 [Note] Shutting down plugin 'MyISAM'
2018-03-21T18:17:13.488574Z 0 [Note] Shutting down plugin 'INNODB_SYS_VIRTUAL'
2018-03-21T18:17:13.488574Z 0 [Note] Shutting down plugin 'INNODB_SYS_DATAFILES'
2018-03-21T18:17:13.488574Z 0 [Note] Shutting down plugin 'INNODB_SYS_TABLESPACES'
2018-03-21T18:17:13.488574Z 0 [Note] Shutting down plugin 'INNODB_SYS_FOREIGN_COLS'
2018-03-21T18:17:13.488574Z 0 [Note] Shutting down plugin 'INNODB_SYS_FOREIGN'
2018-03-21T18:17:13.488574Z 0 [Note] Shutting down plugin 'INNODB_SYS_FIELDS'
2018-03-21T18:17:13.488574Z 0 [Note] Shutting down plugin 'INNODB_SYS_COLUMNS'
2018-03-21T18:17:13.488574Z 0 [Note] Shutting down plugin 'INNODB_SYS_INDEXES'
2018-03-21T18:17:13.488574Z 0 [Note] Shutting down plugin 'INNODB_SYS_TABLESTATS'
2018-03-21T18:17:13.488574Z 0 [Note] Shutting down plugin 'INNODB_SYS_TABLES'
2018-03-21T18:17:13.488574Z 0 [Note] Shutting down plugin 'INNODB_FT_INDEX_TABLE'
2018-03-21T18:17:13.488574Z 0 [Note] Shutting down plugin 'INNODB_FT_INDEX_CACHE'
2018-03-21T18:17:13.488574Z 0 [Note] Shutting down plugin 'INNODB_FT_CONFIG'
2018-03-21T18:17:13.488574Z 0 [Note] Shutting down plugin 'INNODB_FT_BEING_DELETED'
2018-03-21T18:17:13.488574Z 0 [Note] Shutting down plugin 'INNODB_FT_DELETED'
2018-03-21T18:17:13.488574Z 0 [Note] Shutting down plugin 'INNODB_FT_DEFAULT_STOPWORD'
2018-03-21T18:17:13.488574Z 0 [Note] Shutting down plugin 'INNODB_METRICS'
2018-03-21T18:17:13.488574Z 0 [Note] Shutting down plugin 'INNODB_TEMP_TABLE_INFO'
2018-03-21T18:17:13.504174Z 0 [Note] Shutting down plugin 'INNODB_BUFFER_POOL_STATS'
2018-03-21T18:17:13.504174Z 0 [Note] Shutting down plugin 'INNODB_BUFFER_PAGE_LRU'
2018-03-21T18:17:13.504174Z 0 [Note] Shutting down plugin 'INNODB_BUFFER_PAGE'
2018-03-21T18:17:13.504174Z 0 [Note] Shutting down plugin 'INNODB_CMP_PER_INDEX_RESET'
2018-03-21T18:17:13.504174Z 0 [Note] Shutting down plugin 'INNODB_CMP_PER_INDEX'
2018-03-21T18:17:13.504174Z 0 [Note] Shutting down plugin 'INNODB_CMPMEM_RESET'
2018-03-21T18:17:13.504174Z 0 [Note] Shutting down plugin 'INNODB_CMPMEM'
2018-03-21T18:17:13.504174Z 0 [Note] Shutting down plugin 'INNODB_CMP_RESET'
2018-03-21T18:17:13.504174Z 0 [Note] Shutting down plugin 'INNODB_CMP'
2018-03-21T18:17:13.504174Z 0 [Note] Shutting down plugin 'INNODB_LOCK_WAITS'
2018-03-21T18:17:13.504174Z 0 [Note] Shutting down plugin 'INNODB_LOCKS'
2018-03-21T18:17:13.504174Z 0 [Note] Shutting down plugin 'INNODB_TRX'
2018-03-21T18:17:13.504174Z 0 [Note] Shutting down plugin 'InnoDB'
2018-03-21T18:17:13.504174Z 0 [Note] InnoDB: FTS optimize thread exiting.
2018-03-21T18:17:13.504174Z 0 [Note] InnoDB: Starting shutdown...
2018-03-21T18:17:13.613377Z 0 [Note] InnoDB: Dumping buffer pool(s) to F:\year3_sem2\dynamic_web\UwAmp\bin\database\mysql-5.7.11\data\ib_buffer_pool
2018-03-21T18:17:13.613377Z 0 [Note] InnoDB: Buffer pool(s) dump completed at 180321 12:17:13
2018-03-21T18:17:14.377797Z 0 [Note] InnoDB: Shutdown completed; log sequence number 2603225
2018-03-21T18:17:14.393397Z 0 [Note] InnoDB: Removed temporary tablespace data file: "ibtmp1"
2018-03-21T18:17:14.393397Z 0 [Note] Shutting down plugin 'MEMORY'
2018-03-21T18:17:14.393397Z 0 [Note] Shutting down plugin 'CSV'
2018-03-21T18:17:14.393397Z 0 [Note] Shutting down plugin 'sha256_password'
2018-03-21T18:17:14.393397Z 0 [Note] Shutting down plugin 'mysql_native_password'
2018-03-21T18:17:14.393397Z 0 [Note] Shutting down plugin 'binlog'
2018-03-21T18:17:14.393397Z 0 [Note] F:\year3_sem2\dynamic_web\UwAmp\bin\database\mysql-5.7.11\bin\mysqld.exe: Shutdown complete

2018-03-21T18:17:15.235819Z 0 [Warning] TIMESTAMP with implicit DEFAULT value is deprecated. Please use --explicit_defaults_for_timestamp server option (see documentation for more details).
2018-03-21T18:17:15.235819Z 0 [Warning] 'NO_ZERO_DATE', 'NO_ZERO_IN_DATE' and 'ERROR_FOR_DIVISION_BY_ZERO' sql modes should be used with strict mode. They will be merged with strict mode in a future release.
2018-03-21T18:17:15.235819Z 0 [Warning] 'NO_AUTO_CREATE_USER' sql mode was not set.
2018-03-21T18:17:15.235819Z 0 [Warning] Insecure configuration for --secure-file-priv: Current value does not restrict location of generated files. Consider setting it to a valid, non-empty path.
2018-03-21T18:17:15.235819Z 0 [ERROR] Cannot open Windows EventLog; check privileges, or start server with --log_syslog=0
2018-03-21T18:17:15.235819Z 0 [Note] F:\year3_sem2\dynamic_web\UwAmp\bin\database\mysql-5.7.11\bin\mysqld.exe (mysqld 5.7.11) starting as process 6588 ...
2018-03-21T18:17:15.251419Z 0 [ERROR] Can't open shared library 'F:\year3_sem2\dynamic_web\UwAmp\bin\database\mysql-5.7.11\lib\plugin\keyring_file.dll' (errno: 126 The specified module could not be found.)
2018-03-21T18:17:15.251419Z 0 [ERROR] Couldn't load plugin named 'keyring_file' with soname 'keyring_file.dll'.
2018-03-21T18:17:15.251419Z 0 [Note] InnoDB: Mutexes and rw_locks use Windows interlocked functions
2018-03-21T18:17:15.251419Z 0 [Note] InnoDB: Uses event mutexes
2018-03-21T18:17:15.251419Z 0 [Note] InnoDB: Memory barrier is not used
2018-03-21T18:17:15.251419Z 0 [Note] InnoDB: Compressed tables use zlib 1.2.3
2018-03-21T18:17:15.251419Z 0 [Note] InnoDB: Number of pools: 1
2018-03-21T18:17:15.251419Z 0 [Note] InnoDB: Not using CPU crc32 instructions
2018-03-21T18:17:15.313821Z 0 [Note] InnoDB: Initializing buffer pool, total size = 128M, instances = 1, chunk size = 128M
2018-03-21T18:17:15.313821Z 0 [Note] InnoDB: Completed initialization of buffer pool
2018-03-21T18:17:15.423024Z 0 [Note] InnoDB: Highest supported file format is Barracuda.
2018-03-21T18:17:15.641429Z 0 [Note] InnoDB: Creating shared tablespace for temporary tables
2018-03-21T18:17:15.641429Z 0 [Note] InnoDB: Setting file '.\ibtmp1' size to 12 MB. Physically writing the file full; Please wait ...
2018-03-21T18:17:16.062640Z 0 [Note] InnoDB: File '.\ibtmp1' size is now 12 MB.
2018-03-21T18:17:16.125042Z 0 [Note] InnoDB: 96 redo rollback segment(s) found. 96 redo rollback segment(s) are active.
2018-03-21T18:17:16.140642Z 0 [Note] InnoDB: 32 non-redo rollback segment(s) are active.
2018-03-21T18:17:16.156242Z 0 [Note] InnoDB: 5.7.11 started; log sequence number 2603225
2018-03-21T18:17:16.156242Z 0 [Note] InnoDB: Loading buffer pool(s) from F:\year3_sem2\dynamic_web\UwAmp\bin\database\mysql-5.7.11\data\ib_buffer_pool
2018-03-21T18:17:16.156242Z 0 [Note] Plugin 'FEDERATED' is disabled.
2018-03-21T18:17:16.203044Z 0 [Warning] Failed to set up SSL because of the following SSL library error: SSL context is not usable without certificate and private key
2018-03-21T18:17:16.203044Z 0 [Note] Server hostname (bind-address): '*'; port: 3306
2018-03-21T18:17:16.203044Z 0 [Note] IPv6 is available.
2018-03-21T18:17:16.203044Z 0 [Note]   - '::' resolves to '::';
2018-03-21T18:17:16.203044Z 0 [Note] Server socket created on IP: '::'.
2018-03-21T18:17:16.281046Z 0 [Note] Event Scheduler: Loaded 0 events
2018-03-21T18:17:16.281046Z 0 [Note] F:\year3_sem2\dynamic_web\UwAmp\bin\database\mysql-5.7.11\bin\mysqld.exe: ready for connections.
Version: '5.7.11'  socket: ''  port: 3306  MySQL Community Server (GPL)
2018-03-21T18:17:16.296646Z 0 [Note] InnoDB: Buffer pool(s) load completed at 180321 12:17:16
2018-03-21T18:17:18.708341Z 0 [Note] F:\year3_sem2\dynamic_web\UwAmp\bin\database\mysql-5.7.11\bin\mysqld.exe: Normal shutdown

2018-03-21T18:17:18.708341Z 0 [Note] Giving 0 client threads a chance to die gracefully
2018-03-21T18:17:18.708341Z 0 [Note] Shutting down slave threads
2018-03-21T18:17:18.708341Z 0 [Note] Forcefully disconnecting 0 remaining clients
2018-03-21T18:17:18.708341Z 0 [Note] Event Scheduler: Purging the queue. 0 events
2018-03-21T18:17:18.708341Z 0 [Note] Binlog end
2018-03-21T18:17:18.708341Z 0 [Note] Shutting down plugin 'ngram'
2018-03-21T18:17:18.708341Z 0 [Note] Shutting down plugin 'partition'
2018-03-21T18:17:18.708341Z 0 [Note] Shutting down plugin 'BLACKHOLE'
2018-03-21T18:17:18.708341Z 0 [Note] Shutting down plugin 'ARCHIVE'
2018-03-21T18:17:18.708341Z 0 [Note] Shutting down plugin 'PERFORMANCE_SCHEMA'
2018-03-21T18:17:18.708341Z 0 [Note] Shutting down plugin 'MRG_MYISAM'
2018-03-21T18:17:18.708341Z 0 [Note] Shutting down plugin 'MyISAM'
2018-03-21T18:17:18.708341Z 0 [Note] Shutting down plugin 'INNODB_SYS_VIRTUAL'
2018-03-21T18:17:18.708341Z 0 [Note] Shutting down plugin 'INNODB_SYS_DATAFILES'
2018-03-21T18:17:18.708341Z 0 [Note] Shutting down plugin 'INNODB_SYS_TABLESPACES'
2018-03-21T18:17:18.708341Z 0 [Note] Shutting down plugin 'INNODB_SYS_FOREIGN_COLS'
2018-03-21T18:17:18.708341Z 0 [Note] Shutting down plugin 'INNODB_SYS_FOREIGN'
2018-03-21T18:17:18.708341Z 0 [Note] Shutting down plugin 'INNODB_SYS_FIELDS'
2018-03-21T18:17:18.708341Z 0 [Note] Shutting down plugin 'INNODB_SYS_COLUMNS'
2018-03-21T18:17:18.723941Z 0 [Note] Shutting down plugin 'INNODB_SYS_INDEXES'
2018-03-21T18:17:18.723941Z 0 [Note] Shutting down plugin 'INNODB_SYS_TABLESTATS'
2018-03-21T18:17:18.723941Z 0 [Note] Shutting down plugin 'INNODB_SYS_TABLES'
2018-03-21T18:17:18.723941Z 0 [Note] Shutting down plugin 'INNODB_FT_INDEX_TABLE'
2018-03-21T18:17:18.723941Z 0 [Note] Shutting down plugin 'INNODB_FT_INDEX_CACHE'
2018-03-21T18:17:18.723941Z 0 [Note] Shutting down plugin 'INNODB_FT_CONFIG'
2018-03-21T18:17:18.723941Z 0 [Note] Shutting down plugin 'INNODB_FT_BEING_DELETED'
2018-03-21T18:17:18.723941Z 0 [Note] Shutting down plugin 'INNODB_FT_DELETED'
2018-03-21T18:17:18.723941Z 0 [Note] Shutting down plugin 'INNODB_FT_DEFAULT_STOPWORD'
2018-03-21T18:17:18.723941Z 0 [Note] Shutting down plugin 'INNODB_METRICS'
2018-03-21T18:17:18.723941Z 0 [Note] Shutting down plugin 'INNODB_TEMP_TABLE_INFO'
2018-03-21T18:17:18.723941Z 0 [Note] Shutting down plugin 'INNODB_BUFFER_POOL_STATS'
2018-03-21T18:17:18.723941Z 0 [Note] Shutting down plugin 'INNODB_BUFFER_PAGE_LRU'
2018-03-21T18:17:18.723941Z 0 [Note] Shutting down plugin 'INNODB_BUFFER_PAGE'
2018-03-21T18:17:18.723941Z 0 [Note] Shutting down plugin 'INNODB_CMP_PER_INDEX_RESET'
2018-03-21T18:17:18.723941Z 0 [Note] Shutting down plugin 'INNODB_CMP_PER_INDEX'
2018-03-21T18:17:18.723941Z 0 [Note] Shutting down plugin 'INNODB_CMPMEM_RESET'
2018-03-21T18:17:18.723941Z 0 [Note] Shutting down plugin 'INNODB_CMPMEM'
2018-03-21T18:17:18.723941Z 0 [Note] Shutting down plugin 'INNODB_CMP_RESET'
2018-03-21T18:17:18.723941Z 0 [Note] Shutting down plugin 'INNODB_CMP'
2018-03-21T18:17:18.723941Z 0 [Note] Shutting down plugin 'INNODB_LOCK_WAITS'
2018-03-21T18:17:18.723941Z 0 [Note] Shutting down plugin 'INNODB_LOCKS'
2018-03-21T18:17:18.723941Z 0 [Note] Shutting down plugin 'INNODB_TRX'
2018-03-21T18:17:18.723941Z 0 [Note] Shutting down plugin 'InnoDB'
2018-03-21T18:17:18.723941Z 0 [Note] InnoDB: FTS optimize thread exiting.
2018-03-21T18:17:18.723941Z 0 [Note] InnoDB: Starting shutdown...
2018-03-21T18:17:18.833144Z 0 [Note] InnoDB: Dumping buffer pool(s) to F:\year3_sem2\dynamic_web\UwAmp\bin\database\mysql-5.7.11\data\ib_buffer_pool
2018-03-21T18:17:18.833144Z 0 [Note] InnoDB: Buffer pool(s) dump completed at 180321 12:17:18
2018-03-21T18:17:19.737967Z 0 [Note] InnoDB: Shutdown completed; log sequence number 2603253
2018-03-21T18:17:19.737967Z 0 [Note] InnoDB: Removed temporary tablespace data file: "ibtmp1"
2018-03-21T18:17:19.737967Z 0 [Note] Shutting down plugin 'MEMORY'
2018-03-21T18:17:19.737967Z 0 [Note] Shutting down plugin 'CSV'
2018-03-21T18:17:19.737967Z 0 [Note] Shutting down plugin 'sha256_password'
2018-03-21T18:17:19.737967Z 0 [Note] Shutting down plugin 'mysql_native_password'
2018-03-21T18:17:19.737967Z 0 [Note] Shutting down plugin 'binlog'
2018-03-21T18:17:19.737967Z 0 [Note] F:\year3_sem2\dynamic_web\UwAmp\bin\database\mysql-5.7.11\bin\mysqld.exe: Shutdown complete

2018-03-21T18:17:26.867350Z 0 [Warning] TIMESTAMP with implicit DEFAULT value is deprecated. Please use --explicit_defaults_for_timestamp server option (see documentation for more details).
2018-03-21T18:17:26.867350Z 0 [Warning] 'NO_ZERO_DATE', 'NO_ZERO_IN_DATE' and 'ERROR_FOR_DIVISION_BY_ZERO' sql modes should be used with strict mode. They will be merged with strict mode in a future release.
2018-03-21T18:17:26.867350Z 0 [Warning] 'NO_AUTO_CREATE_USER' sql mode was not set.
2018-03-21T18:17:26.867350Z 0 [Warning] Insecure configuration for --secure-file-priv: Current value does not restrict location of generated files. Consider setting it to a valid, non-empty path.
2018-03-21T18:17:26.867350Z 0 [ERROR] Cannot open Windows EventLog; check privileges, or start server with --log_syslog=0
2018-03-21T18:17:26.867350Z 0 [Note] F:\year3_sem2\dynamic_web\UwAmp\bin\database\mysql-5.7.11\bin\mysqld.exe (mysqld 5.7.11) starting as process 8548 ...
2018-03-21T18:17:26.898551Z 0 [ERROR] Can't open shared library 'F:\year3_sem2\dynamic_web\UwAmp\bin\database\mysql-5.7.11\lib\plugin\keyring_file.dll' (errno: 126 The specified module could not be found.)
2018-03-21T18:17:26.898551Z 0 [ERROR] Couldn't load plugin named 'keyring_file' with soname 'keyring_file.dll'.
2018-03-21T18:17:26.898551Z 0 [Note] InnoDB: Mutexes and rw_locks use Windows interlocked functions
2018-03-21T18:17:26.898551Z 0 [Note] InnoDB: Uses event mutexes
2018-03-21T18:17:26.898551Z 0 [Note] InnoDB: Memory barrier is not used
2018-03-21T18:17:26.898551Z 0 [Note] InnoDB: Compressed tables use zlib 1.2.3
2018-03-21T18:17:26.898551Z 0 [Note] InnoDB: Number of pools: 1
2018-03-21T18:17:26.898551Z 0 [Note] InnoDB: Not using CPU crc32 instructions
2018-03-21T18:17:26.960953Z 0 [Note] InnoDB: Initializing buffer pool, total size = 128M, instances = 1, chunk size = 128M
2018-03-21T18:17:26.976553Z 0 [Note] InnoDB: Completed initialization of buffer pool
2018-03-21T18:17:27.085756Z 0 [Note] InnoDB: Highest supported file format is Barracuda.
2018-03-21T18:17:27.319762Z 0 [Note] InnoDB: Creating shared tablespace for temporary tables
2018-03-21T18:17:27.319762Z 0 [Note] InnoDB: Setting file '.\ibtmp1' size to 12 MB. Physically writing the file full; Please wait ...
2018-03-21T18:17:27.740973Z 0 [Note] InnoDB: File '.\ibtmp1' size is now 12 MB.
2018-03-21T18:17:27.818975Z 0 [Note] InnoDB: 96 redo rollback segment(s) found. 96 redo rollback segment(s) are active.
2018-03-21T18:17:27.818975Z 0 [Note] InnoDB: 32 non-redo rollback segment(s) are active.
2018-03-21T18:17:27.818975Z 0 [Note] InnoDB: Waiting for purge to start
2018-03-21T18:17:27.881376Z 0 [Note] InnoDB: 5.7.11 started; log sequence number 2603253
2018-03-21T18:17:27.881376Z 0 [Note] InnoDB: Loading buffer pool(s) from F:\year3_sem2\dynamic_web\UwAmp\bin\database\mysql-5.7.11\data\ib_buffer_pool
2018-03-21T18:17:27.881376Z 0 [Note] Plugin 'FEDERATED' is disabled.
2018-03-21T18:17:27.912577Z 0 [Warning] Failed to set up SSL because of the following SSL library error: SSL context is not usable without certificate and private key
2018-03-21T18:17:27.912577Z 0 [Note] Server hostname (bind-address): '*'; port: 3306
2018-03-21T18:17:27.912577Z 0 [Note] IPv6 is available.
2018-03-21T18:17:27.912577Z 0 [Note]   - '::' resolves to '::';
2018-03-21T18:17:27.912577Z 0 [Note] Server socket created on IP: '::'.
2018-03-21T18:17:27.974979Z 0 [Note] Event Scheduler: Loaded 0 events
2018-03-21T18:17:27.990579Z 0 [Note] F:\year3_sem2\dynamic_web\UwAmp\bin\database\mysql-5.7.11\bin\mysqld.exe: ready for connections.
Version: '5.7.11'  socket: ''  port: 3306  MySQL Community Server (GPL)
2018-03-21T18:17:28.006179Z 0 [Note] InnoDB: Buffer pool(s) load completed at 180321 12:17:28
2018-03-21T19:11:06.609756Z 0 [Warning] TIMESTAMP with implicit DEFAULT value is deprecated. Please use --explicit_defaults_for_timestamp server option (see documentation for more details).
2018-03-21T19:11:06.609756Z 0 [Warning] 'NO_ZERO_DATE', 'NO_ZERO_IN_DATE' and 'ERROR_FOR_DIVISION_BY_ZERO' sql modes should be used with strict mode. They will be merged with strict mode in a future release.
2018-03-21T19:11:06.609756Z 0 [Warning] 'NO_AUTO_CREATE_USER' sql mode was not set.
2018-03-21T19:11:06.609756Z 0 [Warning] Insecure configuration for --secure-file-priv: Current value does not restrict location of generated files. Consider setting it to a valid, non-empty path.
2018-03-21T19:11:06.609756Z 0 [ERROR] Cannot open Windows EventLog; check privileges, or start server with --log_syslog=0
2018-03-21T19:11:06.609756Z 0 [Note] F:\year3_sem2\dynamic_web\UwAmp\bin\database\mysql-5.7.11\bin\mysqld.exe (mysqld 5.7.11) starting as process 3624 ...
2018-03-21T19:11:06.874963Z 0 [ERROR] Can't open shared library 'F:\year3_sem2\dynamic_web\UwAmp\bin\database\mysql-5.7.11\lib\plugin\keyring_file.dll' (errno: 126 The specified module could not be found.)
2018-03-21T19:11:06.874963Z 0 [ERROR] Couldn't load plugin named 'keyring_file' with soname 'keyring_file.dll'.
2018-03-21T19:11:06.874963Z 0 [Note] InnoDB: Mutexes and rw_locks use Windows interlocked functions
2018-03-21T19:11:06.874963Z 0 [Note] InnoDB: Uses event mutexes
2018-03-21T19:11:06.874963Z 0 [Note] InnoDB: Memory barrier is not used
2018-03-21T19:11:06.874963Z 0 [Note] InnoDB: Compressed tables use zlib 1.2.3
2018-03-21T19:11:06.874963Z 0 [Note] InnoDB: Number of pools: 1
2018-03-21T19:11:06.874963Z 0 [Note] InnoDB: Not using CPU crc32 instructions
2018-03-21T19:11:06.937365Z 0 [Note] InnoDB: Initializing buffer pool, total size = 128M, instances = 1, chunk size = 128M
2018-03-21T19:11:06.952965Z 0 [Note] InnoDB: Completed initialization of buffer pool
2018-03-21T19:11:07.202571Z 0 [Note] InnoDB: Highest supported file format is Barracuda.
2018-03-21T19:11:07.202571Z 0 [Note] InnoDB: Log scan progressed past the checkpoint lsn 2603272
2018-03-21T19:11:07.218172Z 0 [Note] InnoDB: Doing recovery: scanned up to log sequence number 2603281
2018-03-21T19:11:07.218172Z 0 [Note] InnoDB: Doing recovery: scanned up to log sequence number 2603281
2018-03-21T19:11:07.218172Z 0 [Note] InnoDB: Database was not shutdown normally!
2018-03-21T19:11:07.218172Z 0 [Note] InnoDB: Starting crash recovery.
2018-03-21T19:11:08.575407Z 0 [Note] InnoDB: Removed temporary tablespace data file: "ibtmp1"
2018-03-21T19:11:08.575407Z 0 [Note] InnoDB: Creating shared tablespace for temporary tables
2018-03-21T19:11:08.575407Z 0 [Note] InnoDB: Setting file '.\ibtmp1' size to 12 MB. Physically writing the file full; Please wait ...
2018-03-21T19:11:08.996617Z 0 [Note] InnoDB: File '.\ibtmp1' size is now 12 MB.
2018-03-21T19:11:09.043419Z 0 [Note] InnoDB: 96 redo rollback segment(s) found. 96 redo rollback segment(s) are active.
2018-03-21T19:11:09.043419Z 0 [Note] InnoDB: 32 non-redo rollback segment(s) are active.
2018-03-21T19:11:09.043419Z 0 [Note] InnoDB: Waiting for purge to start
2018-03-21T19:11:09.105820Z 0 [Note] InnoDB: 5.7.11 started; log sequence number 2603281
2018-03-21T19:11:09.105820Z 0 [Note] InnoDB: Loading buffer pool(s) from F:\year3_sem2\dynamic_web\UwAmp\bin\database\mysql-5.7.11\data\ib_buffer_pool
2018-03-21T19:11:09.105820Z 0 [Note] Plugin 'FEDERATED' is disabled.
2018-03-21T19:11:09.183822Z 0 [Warning] Failed to set up SSL because of the following SSL library error: SSL context is not usable without certificate and private key
2018-03-21T19:11:09.183822Z 0 [Note] Server hostname (bind-address): '*'; port: 3306
2018-03-21T19:11:09.183822Z 0 [Note] IPv6 is available.
2018-03-21T19:11:09.183822Z 0 [Note]   - '::' resolves to '::';
2018-03-21T19:11:09.183822Z 0 [Note] Server socket created on IP: '::'.
2018-03-21T19:11:09.277425Z 0 [Note] InnoDB: Buffer pool(s) load completed at 180321 13:11:09
2018-03-21T19:11:10.329867Z 0 [Note] Event Scheduler: Loaded 0 events
2018-03-21T19:11:10.330867Z 0 [Note] F:\year3_sem2\dynamic_web\UwAmp\bin\database\mysql-5.7.11\bin\mysqld.exe: ready for connections.
Version: '5.7.11'  socket: ''  port: 3306  MySQL Community Server (GPL)
2018-03-21T19:43:05.419004Z 0 [Note] F:\year3_sem2\dynamic_web\UwAmp\bin\database\mysql-5.7.11\bin\mysqld.exe: Normal shutdown

2018-03-21T19:43:05.419004Z 0 [Note] Giving 0 client threads a chance to die gracefully
2018-03-21T19:43:05.419004Z 0 [Note] Shutting down slave threads
2018-03-21T19:43:05.419004Z 0 [Note] Forcefully disconnecting 0 remaining clients
2018-03-21T19:43:05.419004Z 0 [Note] Event Scheduler: Purging the queue. 0 events
2018-03-21T19:43:05.419004Z 0 [Note] Binlog end
2018-03-21T19:43:05.419004Z 0 [Note] Shutting down plugin 'ngram'
2018-03-21T19:43:05.419004Z 0 [Note] Shutting down plugin 'partition'
2018-03-21T19:43:05.419004Z 0 [Note] Shutting down plugin 'BLACKHOLE'
2018-03-21T19:43:05.419004Z 0 [Note] Shutting down plugin 'ARCHIVE'
2018-03-21T19:43:05.434604Z 0 [Note] Shutting down plugin 'PERFORMANCE_SCHEMA'
2018-03-21T19:43:05.434604Z 0 [Note] Shutting down plugin 'MRG_MYISAM'
2018-03-21T19:43:05.434604Z 0 [Note] Shutting down plugin 'MyISAM'
2018-03-21T19:43:05.434604Z 0 [Note] Shutting down plugin 'INNODB_SYS_VIRTUAL'
2018-03-21T19:43:05.434604Z 0 [Note] Shutting down plugin 'INNODB_SYS_DATAFILES'
2018-03-21T19:43:05.434604Z 0 [Note] Shutting down plugin 'INNODB_SYS_TABLESPACES'
2018-03-21T19:43:05.434604Z 0 [Note] Shutting down plugin 'INNODB_SYS_FOREIGN_COLS'
2018-03-21T19:43:05.434604Z 0 [Note] Shutting down plugin 'INNODB_SYS_FOREIGN'
2018-03-21T19:43:05.434604Z 0 [Note] Shutting down plugin 'INNODB_SYS_FIELDS'
2018-03-21T19:43:05.434604Z 0 [Note] Shutting down plugin 'INNODB_SYS_COLUMNS'
2018-03-21T19:43:05.434604Z 0 [Note] Shutting down plugin 'INNODB_SYS_INDEXES'
2018-03-21T19:43:05.434604Z 0 [Note] Shutting down plugin 'INNODB_SYS_TABLESTATS'
2018-03-21T19:43:05.434604Z 0 [Note] Shutting down plugin 'INNODB_SYS_TABLES'
2018-03-21T19:43:05.434604Z 0 [Note] Shutting down plugin 'INNODB_FT_INDEX_TABLE'
2018-03-21T19:43:05.434604Z 0 [Note] Shutting down plugin 'INNODB_FT_INDEX_CACHE'
2018-03-21T19:43:05.434604Z 0 [Note] Shutting down plugin 'INNODB_FT_CONFIG'
2018-03-21T19:43:05.434604Z 0 [Note] Shutting down plugin 'INNODB_FT_BEING_DELETED'
2018-03-21T19:43:05.434604Z 0 [Note] Shutting down plugin 'INNODB_FT_DELETED'
2018-03-21T19:43:05.434604Z 0 [Note] Shutting down plugin 'INNODB_FT_DEFAULT_STOPWORD'
2018-03-21T19:43:05.434604Z 0 [Note] Shutting down plugin 'INNODB_METRICS'
2018-03-21T19:43:05.434604Z 0 [Note] Shutting down plugin 'INNODB_TEMP_TABLE_INFO'
2018-03-21T19:43:05.434604Z 0 [Note] Shutting down plugin 'INNODB_BUFFER_POOL_STATS'
2018-03-21T19:43:05.434604Z 0 [Note] Shutting down plugin 'INNODB_BUFFER_PAGE_LRU'
2018-03-21T19:43:05.434604Z 0 [Note] Shutting down plugin 'INNODB_BUFFER_PAGE'
2018-03-21T19:43:05.434604Z 0 [Note] Shutting down plugin 'INNODB_CMP_PER_INDEX_RESET'
2018-03-21T19:43:05.434604Z 0 [Note] Shutting down plugin 'INNODB_CMP_PER_INDEX'
2018-03-21T19:43:05.434604Z 0 [Note] Shutting down plugin 'INNODB_CMPMEM_RESET'
2018-03-21T19:43:05.434604Z 0 [Note] Shutting down plugin 'INNODB_CMPMEM'
2018-03-21T19:43:05.434604Z 0 [Note] Shutting down plugin 'INNODB_CMP_RESET'
2018-03-21T19:43:05.434604Z 0 [Note] Shutting down plugin 'INNODB_CMP'
2018-03-21T19:43:05.434604Z 0 [Note] Shutting down plugin 'INNODB_LOCK_WAITS'
2018-03-21T19:43:05.434604Z 0 [Note] Shutting down plugin 'INNODB_LOCKS'
2018-03-21T19:43:05.434604Z 0 [Note] Shutting down plugin 'INNODB_TRX'
2018-03-21T19:43:05.434604Z 0 [Note] Shutting down plugin 'InnoDB'
2018-03-21T19:43:05.434604Z 0 [Note] InnoDB: FTS optimize thread exiting.
2018-03-21T19:43:05.434604Z 0 [Note] InnoDB: Starting shutdown...
2018-03-21T19:43:05.514607Z 0 [Note] InnoDB: Dumping buffer pool(s) to F:\year3_sem2\dynamic_web\UwAmp\bin\database\mysql-5.7.11\data\ib_buffer_pool
2018-03-21T19:43:05.545807Z 0 [Note] InnoDB: Buffer pool(s) dump completed at 180321 13:43:05
2018-03-21T19:43:06.604884Z 0 [Note] InnoDB: Shutdown completed; log sequence number 2603309
2018-03-21T19:43:06.604884Z 0 [Note] InnoDB: Removed temporary tablespace data file: "ibtmp1"
2018-03-21T19:43:06.604884Z 0 [Note] Shutting down plugin 'MEMORY'
2018-03-21T19:43:06.604884Z 0 [Note] Shutting down plugin 'CSV'
2018-03-21T19:43:06.604884Z 0 [Note] Shutting down plugin 'sha256_password'
2018-03-21T19:43:06.620485Z 0 [Note] Shutting down plugin 'mysql_native_password'
2018-03-21T19:43:06.620485Z 0 [Note] Shutting down plugin 'binlog'
2018-03-21T19:43:06.620485Z 0 [Note] F:\year3_sem2\dynamic_web\UwAmp\bin\database\mysql-5.7.11\bin\mysqld.exe: Shutdown complete

