2018-01-25T04:04:31.674120Z 0 [Warning] TIMESTAMP with implicit DEFAULT value is deprecated. Please use --explicit_defaults_for_timestamp server option (see documentation for more details).
2018-01-25T04:04:31.674120Z 0 [Warning] 'NO_ZERO_DATE', 'NO_ZERO_IN_DATE' and 'ERROR_FOR_DIVISION_BY_ZERO' sql modes should be used with strict mode. They will be merged with strict mode in a future release.
2018-01-25T04:04:31.674120Z 0 [Warning] 'NO_AUTO_CREATE_USER' sql mode was not set.
2018-01-25T04:04:31.674120Z 0 [Warning] Insecure configuration for --secure-file-priv: Current value does not restrict location of generated files. Consider setting it to a valid, non-empty path.
2018-01-25T04:04:31.675121Z 0 [ERROR] Cannot open Windows EventLog; check privileges, or start server with --log_syslog=0
2018-01-25T04:04:31.675121Z 0 [Note] F:\year3_sem2\dynamic_web\UwAmp\bin\database\mysql-5.7.11\bin\mysqld.exe (mysqld 5.7.11) starting as process 12700 ...
2018-01-25T04:05:22.278162Z 0 [ERROR] Can't open shared library 'F:\year3_sem2\dynamic_web\UwAmp\bin\database\mysql-5.7.11\lib\plugin\keyring_file.dll' (errno: 126 The specified module could not be found.)
2018-01-25T04:05:22.280149Z 0 [ERROR] Couldn't load plugin named 'keyring_file' with soname 'keyring_file.dll'.
2018-01-25T04:05:22.281150Z 0 [Note] InnoDB: Mutexes and rw_locks use Windows interlocked functions
2018-01-25T04:05:22.281150Z 0 [Note] InnoDB: Uses event mutexes
2018-01-25T04:05:22.282164Z 0 [Note] InnoDB: Memory barrier is not used
2018-01-25T04:05:22.282164Z 0 [Note] InnoDB: Compressed tables use zlib 1.2.3
2018-01-25T04:05:22.283165Z 0 [Note] InnoDB: Number of pools: 1
2018-01-25T04:05:22.283165Z 0 [Note] InnoDB: Not using CPU crc32 instructions
2018-01-25T04:05:22.322192Z 0 [Note] InnoDB: Initializing buffer pool, total size = 128M, instances = 1, chunk size = 128M
2018-01-25T04:05:22.329197Z 0 [Note] InnoDB: Completed initialization of buffer pool
2018-01-25T04:37:01.459424Z 0 [Warning] TIMESTAMP with implicit DEFAULT value is deprecated. Please use --explicit_defaults_for_timestamp server option (see documentation for more details).
2018-01-25T04:37:01.459424Z 0 [Warning] 'NO_ZERO_DATE', 'NO_ZERO_IN_DATE' and 'ERROR_FOR_DIVISION_BY_ZERO' sql modes should be used with strict mode. They will be merged with strict mode in a future release.
2018-01-25T04:37:01.459424Z 0 [Warning] 'NO_AUTO_CREATE_USER' sql mode was not set.
2018-01-25T04:37:01.459424Z 0 [Warning] Insecure configuration for --secure-file-priv: Current value does not restrict location of generated files. Consider setting it to a valid, non-empty path.
2018-01-25T04:37:01.459424Z 0 [ERROR] Cannot open Windows EventLog; check privileges, or start server with --log_syslog=0
2018-01-25T04:37:01.459424Z 0 [Note] F:\year3_sem2\dynamic_web\UwAmp\bin\database\mysql-5.7.11\bin\mysqld.exe (mysqld 5.7.11) starting as process 14288 ...
2018-01-25T04:37:01.520664Z 0 [ERROR] Can't open shared library 'F:\year3_sem2\dynamic_web\UwAmp\bin\database\mysql-5.7.11\lib\plugin\keyring_file.dll' (errno: 126 The specified module could not be found.)
2018-01-25T04:37:01.521665Z 0 [ERROR] Couldn't load plugin named 'keyring_file' with soname 'keyring_file.dll'.
2018-01-25T04:37:01.522677Z 0 [Note] InnoDB: Mutexes and rw_locks use Windows interlocked functions
2018-01-25T04:37:01.523675Z 0 [Note] InnoDB: Uses event mutexes
2018-01-25T04:37:01.523675Z 0 [Note] InnoDB: Memory barrier is not used
2018-01-25T04:37:01.524677Z 0 [Note] InnoDB: Compressed tables use zlib 1.2.3
2018-01-25T04:37:01.525682Z 0 [Note] InnoDB: Number of pools: 1
2018-01-25T04:37:01.525682Z 0 [Note] InnoDB: Not using CPU crc32 instructions
2018-01-25T04:37:01.577721Z 0 [Note] InnoDB: Initializing buffer pool, total size = 128M, instances = 1, chunk size = 128M
2018-01-25T04:37:01.587724Z 0 [Note] InnoDB: Completed initialization of buffer pool
2018-01-25T04:37:01.768364Z 0 [Note] InnoDB: Highest supported file format is Barracuda.
2018-01-25T04:37:02.329766Z 0 [Note] InnoDB: Creating shared tablespace for temporary tables
2018-01-25T04:37:02.330766Z 0 [Note] InnoDB: Setting file '.\ibtmp1' size to 12 MB. Physically writing the file full; Please wait ...
2018-01-25T04:37:02.991415Z 0 [Note] InnoDB: File '.\ibtmp1' size is now 12 MB.
2018-01-25T04:37:03.034804Z 0 [Note] InnoDB: 96 redo rollback segment(s) found. 96 redo rollback segment(s) are active.
2018-01-25T04:37:03.035789Z 0 [Note] InnoDB: 32 non-redo rollback segment(s) are active.
2018-01-25T04:37:03.036776Z 0 [Note] InnoDB: Waiting for purge to start
2018-01-25T04:37:03.094145Z 0 [Note] InnoDB: 5.7.11 started; log sequence number 2603057
2018-01-25T04:37:03.095146Z 0 [Note] InnoDB: Loading buffer pool(s) from F:\year3_sem2\dynamic_web\UwAmp\bin\database\mysql-5.7.11\data\ib_buffer_pool
2018-01-25T04:37:03.095146Z 0 [Note] Plugin 'FEDERATED' is disabled.
2018-01-25T04:37:03.331455Z 0 [Warning] Failed to set up SSL because of the following SSL library error: SSL context is not usable without certificate and private key
2018-01-25T04:37:03.333456Z 0 [Note] Server hostname (bind-address): '*'; port: 3306
2018-01-25T04:37:03.334457Z 0 [Note] IPv6 is available.
2018-01-25T04:37:03.346466Z 0 [Note]   - '::' resolves to '::';
2018-01-25T04:37:03.346466Z 0 [Note] Server socket created on IP: '::'.
2018-01-25T04:37:03.452632Z 0 [Note] InnoDB: Buffer pool(s) load completed at 180124 21:37:03
2018-01-25T04:37:04.337570Z 0 [Note] Event Scheduler: Loaded 0 events
2018-01-25T04:37:04.338571Z 0 [Note] F:\year3_sem2\dynamic_web\UwAmp\bin\database\mysql-5.7.11\bin\mysqld.exe: ready for connections.
Version: '5.7.11'  socket: ''  port: 3306  MySQL Community Server (GPL)
2018-01-25T16:49:53.924737Z 0 [Note] InnoDB: page_cleaner: 1000ms intended loop took 43512628ms. The settings might not be optimal. (flushed=0 and evicted=0, during the time.)
2018-01-26T03:10:42.835926Z 0 [Warning] TIMESTAMP with implicit DEFAULT value is deprecated. Please use --explicit_defaults_for_timestamp server option (see documentation for more details).
2018-01-26T03:10:42.835926Z 0 [Warning] 'NO_ZERO_DATE', 'NO_ZERO_IN_DATE' and 'ERROR_FOR_DIVISION_BY_ZERO' sql modes should be used with strict mode. They will be merged with strict mode in a future release.
2018-01-26T03:10:42.835926Z 0 [Warning] 'NO_AUTO_CREATE_USER' sql mode was not set.
2018-01-26T03:10:42.835926Z 0 [Warning] Insecure configuration for --secure-file-priv: Current value does not restrict location of generated files. Consider setting it to a valid, non-empty path.
2018-01-26T03:10:42.836428Z 0 [ERROR] Cannot open Windows EventLog; check privileges, or start server with --log_syslog=0
2018-01-26T03:10:42.836927Z 0 [Note] F:\year3_sem2\dynamic_web\UwAmp\bin\database\mysql-5.7.11\bin\mysqld.exe (mysqld 5.7.11) starting as process 18000 ...
2018-01-26T03:10:42.908477Z 0 [ERROR] Can't open shared library 'F:\year3_sem2\dynamic_web\UwAmp\bin\database\mysql-5.7.11\lib\plugin\keyring_file.dll' (errno: 126 The specified module could not be found.)
2018-01-26T03:10:42.909979Z 0 [ERROR] Couldn't load plugin named 'keyring_file' with soname 'keyring_file.dll'.
2018-01-26T03:10:42.911993Z 0 [Note] InnoDB: Mutexes and rw_locks use Windows interlocked functions
2018-01-26T03:10:42.912993Z 0 [Note] InnoDB: Uses event mutexes
2018-01-26T03:10:42.913494Z 0 [Note] InnoDB: Memory barrier is not used
2018-01-26T03:10:42.913994Z 0 [Note] InnoDB: Compressed tables use zlib 1.2.3
2018-01-26T03:10:42.914994Z 0 [Note] InnoDB: Number of pools: 1
2018-01-26T03:10:42.915995Z 0 [Note] InnoDB: Not using CPU crc32 instructions
2018-01-26T03:10:42.977027Z 0 [Note] InnoDB: Initializing buffer pool, total size = 128M, instances = 1, chunk size = 128M
2018-01-26T03:10:42.986532Z 0 [Note] InnoDB: Completed initialization of buffer pool
2018-01-26T03:10:43.213622Z 0 [Note] InnoDB: Highest supported file format is Barracuda.
2018-01-26T03:10:43.219132Z 0 [Note] InnoDB: Log scan progressed past the checkpoint lsn 2603076
2018-01-26T03:10:43.219628Z 0 [Note] InnoDB: Doing recovery: scanned up to log sequence number 2603085
2018-01-26T03:10:43.222632Z 0 [Note] InnoDB: Doing recovery: scanned up to log sequence number 2603085
2018-01-26T03:10:43.223131Z 0 [Note] InnoDB: Database was not shutdown normally!
2018-01-26T03:10:43.223631Z 0 [Note] InnoDB: Starting crash recovery.
2018-01-26T03:10:44.283057Z 0 [Note] InnoDB: Removed temporary tablespace data file: "ibtmp1"
2018-01-26T03:10:44.284042Z 0 [Note] InnoDB: Creating shared tablespace for temporary tables
2018-01-26T03:10:44.284542Z 0 [Note] InnoDB: Setting file '.\ibtmp1' size to 12 MB. Physically writing the file full; Please wait ...
2018-01-26T03:10:44.743905Z 0 [Note] InnoDB: File '.\ibtmp1' size is now 12 MB.
2018-01-26T03:10:44.862667Z 0 [Note] InnoDB: 96 redo rollback segment(s) found. 96 redo rollback segment(s) are active.
2018-01-26T03:10:44.863657Z 0 [Note] InnoDB: 32 non-redo rollback segment(s) are active.
2018-01-26T03:10:44.864168Z 0 [Note] InnoDB: Waiting for purge to start
2018-01-26T03:10:44.924312Z 0 [Note] InnoDB: 5.7.11 started; log sequence number 2603085
2018-01-26T03:10:44.925213Z 0 [Note] Plugin 'FEDERATED' is disabled.
2018-01-26T03:10:44.931400Z 0 [Note] InnoDB: Loading buffer pool(s) from F:\year3_sem2\dynamic_web\UwAmp\bin\database\mysql-5.7.11\data\ib_buffer_pool
2018-01-26T03:10:45.171788Z 0 [Warning] Failed to set up SSL because of the following SSL library error: SSL context is not usable without certificate and private key
2018-01-26T03:10:45.174790Z 0 [Note] Server hostname (bind-address): '*'; port: 3306
2018-01-26T03:10:45.175788Z 0 [Note] IPv6 is available.
2018-01-26T03:10:45.175788Z 0 [Note]   - '::' resolves to '::';
2018-01-26T03:10:45.176289Z 0 [Note] Server socket created on IP: '::'.
2018-01-26T03:10:45.373789Z 0 [Note] InnoDB: Buffer pool(s) load completed at 180125 20:10:45
2018-01-26T03:10:47.117707Z 0 [Note] Event Scheduler: Loaded 0 events
2018-01-26T03:10:47.118206Z 0 [Note] F:\year3_sem2\dynamic_web\UwAmp\bin\database\mysql-5.7.11\bin\mysqld.exe: ready for connections.
Version: '5.7.11'  socket: ''  port: 3306  MySQL Community Server (GPL)
2018-01-29T00:18:03.620357Z 0 [Warning] TIMESTAMP with implicit DEFAULT value is deprecated. Please use --explicit_defaults_for_timestamp server option (see documentation for more details).
2018-01-29T00:18:03.620357Z 0 [Warning] 'NO_ZERO_DATE', 'NO_ZERO_IN_DATE' and 'ERROR_FOR_DIVISION_BY_ZERO' sql modes should be used with strict mode. They will be merged with strict mode in a future release.
2018-01-29T00:18:03.620357Z 0 [Warning] 'NO_AUTO_CREATE_USER' sql mode was not set.
2018-01-29T00:18:03.620357Z 0 [Warning] Insecure configuration for --secure-file-priv: Current value does not restrict location of generated files. Consider setting it to a valid, non-empty path.
2018-01-29T00:18:03.620873Z 0 [ERROR] Cannot open Windows EventLog; check privileges, or start server with --log_syslog=0
2018-01-29T00:18:03.620873Z 0 [Note] F:\year3_sem2\dynamic_web\UwAmp\bin\database\mysql-5.7.11\bin\mysqld.exe (mysqld 5.7.11) starting as process 896 ...
2018-01-29T00:18:03.714421Z 0 [ERROR] Can't open shared library 'F:\year3_sem2\dynamic_web\UwAmp\bin\database\mysql-5.7.11\lib\plugin\keyring_file.dll' (errno: 126 The specified module could not be found.)
2018-01-29T00:18:03.715417Z 0 [ERROR] Couldn't load plugin named 'keyring_file' with soname 'keyring_file.dll'.
2018-01-29T00:18:03.716918Z 0 [Note] InnoDB: Mutexes and rw_locks use Windows interlocked functions
2018-01-29T00:18:03.717433Z 0 [Note] InnoDB: Uses event mutexes
2018-01-29T00:18:03.717933Z 0 [Note] InnoDB: Memory barrier is not used
2018-01-29T00:18:03.718433Z 0 [Note] InnoDB: Compressed tables use zlib 1.2.3
2018-01-29T00:18:03.718933Z 0 [Note] InnoDB: Number of pools: 1
2018-01-29T00:18:03.719434Z 0 [Note] InnoDB: Not using CPU crc32 instructions
2018-01-29T00:18:03.764455Z 0 [Note] InnoDB: Initializing buffer pool, total size = 128M, instances = 1, chunk size = 128M
2018-01-29T00:18:03.775962Z 0 [Note] InnoDB: Completed initialization of buffer pool
2018-01-29T00:18:03.933286Z 0 [Note] InnoDB: Highest supported file format is Barracuda.
2018-01-29T00:18:03.940289Z 0 [Note] InnoDB: Log scan progressed past the checkpoint lsn 2603104
2018-01-29T00:18:03.940789Z 0 [Note] InnoDB: Doing recovery: scanned up to log sequence number 2603113
2018-01-29T00:18:03.943791Z 0 [Note] InnoDB: Doing recovery: scanned up to log sequence number 2603113
2018-01-29T00:18:03.944291Z 0 [Note] InnoDB: Database was not shutdown normally!
2018-01-29T00:18:03.944791Z 0 [Note] InnoDB: Starting crash recovery.
2018-01-29T00:18:05.042311Z 0 [Note] InnoDB: Removed temporary tablespace data file: "ibtmp1"
2018-01-29T00:18:05.042813Z 0 [Note] InnoDB: Creating shared tablespace for temporary tables
2018-01-29T00:18:05.044816Z 0 [Note] InnoDB: Setting file '.\ibtmp1' size to 12 MB. Physically writing the file full; Please wait ...
2018-01-29T00:18:05.387807Z 0 [Note] InnoDB: File '.\ibtmp1' size is now 12 MB.
2018-01-29T00:18:05.431899Z 0 [Note] InnoDB: 96 redo rollback segment(s) found. 96 redo rollback segment(s) are active.
2018-01-29T00:18:05.432904Z 0 [Note] InnoDB: 32 non-redo rollback segment(s) are active.
2018-01-29T00:18:05.434902Z 0 [Note] InnoDB: Waiting for purge to start
2018-01-29T00:18:05.517126Z 0 [Note] InnoDB: 5.7.11 started; log sequence number 2603113
2018-01-29T00:18:05.518126Z 0 [Note] InnoDB: Loading buffer pool(s) from F:\year3_sem2\dynamic_web\UwAmp\bin\database\mysql-5.7.11\data\ib_buffer_pool
2018-01-29T00:18:05.518126Z 0 [Note] Plugin 'FEDERATED' is disabled.
2018-01-29T00:18:05.683462Z 0 [Warning] Failed to set up SSL because of the following SSL library error: SSL context is not usable without certificate and private key
2018-01-29T00:18:05.685966Z 0 [Note] Server hostname (bind-address): '*'; port: 3306
2018-01-29T00:18:05.686466Z 0 [Note] IPv6 is available.
2018-01-29T00:18:05.686966Z 0 [Note]   - '::' resolves to '::';
2018-01-29T00:18:05.687467Z 0 [Note] Server socket created on IP: '::'.
2018-01-29T00:18:05.785199Z 0 [Note] InnoDB: Buffer pool(s) load completed at 180128 17:18:05
2018-01-29T00:18:07.019113Z 0 [Note] Event Scheduler: Loaded 0 events
2018-01-29T00:18:07.020114Z 0 [Note] F:\year3_sem2\dynamic_web\UwAmp\bin\database\mysql-5.7.11\bin\mysqld.exe: ready for connections.
Version: '5.7.11'  socket: ''  port: 3306  MySQL Community Server (GPL)
2018-01-29T04:39:40.597878Z 0 [Note] F:\year3_sem2\dynamic_web\UwAmp\bin\database\mysql-5.7.11\bin\mysqld.exe: Normal shutdown

2018-01-29T04:39:40.610873Z 0 [Note] Giving 0 client threads a chance to die gracefully
2018-01-29T04:39:40.611891Z 0 [Note] Shutting down slave threads
2018-01-29T04:39:40.612891Z 0 [Note] Forcefully disconnecting 0 remaining clients
2018-01-29T04:39:40.614875Z 0 [Note] Event Scheduler: Purging the queue. 0 events
2018-01-29T04:39:40.620880Z 0 [Note] Binlog end
2018-01-29T04:39:40.664910Z 0 [Note] Shutting down plugin 'ngram'
2018-01-29T04:39:40.666912Z 0 [Note] Shutting down plugin 'partition'
2018-01-29T04:39:40.666912Z 0 [Note] Shutting down plugin 'BLACKHOLE'
2018-01-29T04:39:40.667913Z 0 [Note] Shutting down plugin 'ARCHIVE'
2018-01-29T04:39:40.668913Z 0 [Note] Shutting down plugin 'PERFORMANCE_SCHEMA'
2018-01-29T04:39:40.669914Z 0 [Note] Shutting down plugin 'MRG_MYISAM'
2018-01-29T04:39:40.671916Z 0 [Note] Shutting down plugin 'MyISAM'
2018-01-29T04:39:40.671916Z 0 [Note] Shutting down plugin 'INNODB_SYS_VIRTUAL'
2018-01-29T04:39:40.673917Z 0 [Note] Shutting down plugin 'INNODB_SYS_DATAFILES'
2018-01-29T04:39:40.674918Z 0 [Note] Shutting down plugin 'INNODB_SYS_TABLESPACES'
2018-01-29T04:39:40.674918Z 0 [Note] Shutting down plugin 'INNODB_SYS_FOREIGN_COLS'
2018-01-29T04:39:40.674918Z 0 [Note] Shutting down plugin 'INNODB_SYS_FOREIGN'
2018-01-29T04:39:40.675918Z 0 [Note] Shutting down plugin 'INNODB_SYS_FIELDS'
2018-01-29T04:39:40.675918Z 0 [Note] Shutting down plugin 'INNODB_SYS_COLUMNS'
2018-01-29T04:39:40.676932Z 0 [Note] Shutting down plugin 'INNODB_SYS_INDEXES'
2018-01-29T04:39:40.676932Z 0 [Note] Shutting down plugin 'INNODB_SYS_TABLESTATS'
2018-01-29T04:39:40.677920Z 0 [Note] Shutting down plugin 'INNODB_SYS_TABLES'
2018-01-29T04:39:40.677920Z 0 [Note] Shutting down plugin 'INNODB_FT_INDEX_TABLE'
2018-01-29T04:39:40.677920Z 0 [Note] Shutting down plugin 'INNODB_FT_INDEX_CACHE'
2018-01-29T04:39:40.678933Z 0 [Note] Shutting down plugin 'INNODB_FT_CONFIG'
2018-01-29T04:39:40.678933Z 0 [Note] Shutting down plugin 'INNODB_FT_BEING_DELETED'
2018-01-29T04:39:40.679934Z 0 [Note] Shutting down plugin 'INNODB_FT_DELETED'
2018-01-29T04:39:40.679934Z 0 [Note] Shutting down plugin 'INNODB_FT_DEFAULT_STOPWORD'
2018-01-29T04:39:40.680939Z 0 [Note] Shutting down plugin 'INNODB_METRICS'
2018-01-29T04:39:40.680939Z 0 [Note] Shutting down plugin 'INNODB_TEMP_TABLE_INFO'
2018-01-29T04:39:40.680939Z 0 [Note] Shutting down plugin 'INNODB_BUFFER_POOL_STATS'
2018-01-29T04:39:40.681941Z 0 [Note] Shutting down plugin 'INNODB_BUFFER_PAGE_LRU'
2018-01-29T04:39:40.681941Z 0 [Note] Shutting down plugin 'INNODB_BUFFER_PAGE'
2018-01-29T04:39:40.682940Z 0 [Note] Shutting down plugin 'INNODB_CMP_PER_INDEX_RESET'
2018-01-29T04:39:40.682940Z 0 [Note] Shutting down plugin 'INNODB_CMP_PER_INDEX'
2018-01-29T04:39:40.683942Z 0 [Note] Shutting down plugin 'INNODB_CMPMEM_RESET'
2018-01-29T04:39:40.683942Z 0 [Note] Shutting down plugin 'INNODB_CMPMEM'
2018-01-29T04:39:40.684942Z 0 [Note] Shutting down plugin 'INNODB_CMP_RESET'
2018-01-29T04:39:40.684942Z 0 [Note] Shutting down plugin 'INNODB_CMP'
2018-01-29T04:39:40.684942Z 0 [Note] Shutting down plugin 'INNODB_LOCK_WAITS'
2018-01-29T04:39:40.685943Z 0 [Note] Shutting down plugin 'INNODB_LOCKS'
2018-01-29T04:39:40.685943Z 0 [Note] Shutting down plugin 'INNODB_TRX'
2018-01-29T04:39:40.685943Z 0 [Note] Shutting down plugin 'InnoDB'
2018-01-29T04:39:40.687927Z 0 [Note] InnoDB: FTS optimize thread exiting.
2018-01-29T04:39:40.687927Z 0 [Note] InnoDB: Starting shutdown...
2018-01-29T04:39:40.815016Z 0 [Note] InnoDB: Dumping buffer pool(s) to F:\year3_sem2\dynamic_web\UwAmp\bin\database\mysql-5.7.11\data\ib_buffer_pool
2018-01-29T04:39:40.871032Z 0 [Note] InnoDB: Buffer pool(s) dump completed at 180128 21:39:40
2018-01-29T04:39:42.331062Z 0 [Note] InnoDB: Shutdown completed; log sequence number 2603141
2018-01-29T04:39:42.340323Z 0 [Note] InnoDB: Removed temporary tablespace data file: "ibtmp1"
2018-01-29T04:39:42.340841Z 0 [Note] Shutting down plugin 'MEMORY'
2018-01-29T04:39:42.348429Z 0 [Note] Shutting down plugin 'CSV'
2018-01-29T04:39:42.348429Z 0 [Note] Shutting down plugin 'sha256_password'
2018-01-29T04:39:42.348429Z 0 [Note] Shutting down plugin 'mysql_native_password'
2018-01-29T04:39:42.352478Z 0 [Note] Shutting down plugin 'binlog'
2018-01-29T04:39:42.364756Z 0 [Note] F:\year3_sem2\dynamic_web\UwAmp\bin\database\mysql-5.7.11\bin\mysqld.exe: Shutdown complete

2018-03-21T02:30:00.756237Z 0 [Warning] TIMESTAMP with implicit DEFAULT value is deprecated. Please use --explicit_defaults_for_timestamp server option (see documentation for more details).
2018-03-21T02:30:00.756237Z 0 [Warning] 'NO_ZERO_DATE', 'NO_ZERO_IN_DATE' and 'ERROR_FOR_DIVISION_BY_ZERO' sql modes should be used with strict mode. They will be merged with strict mode in a future release.
2018-03-21T02:30:00.756237Z 0 [Warning] 'NO_AUTO_CREATE_USER' sql mode was not set.
2018-03-21T02:30:00.756237Z 0 [Warning] Insecure configuration for --secure-file-priv: Current value does not restrict location of generated files. Consider setting it to a valid, non-empty path.
2018-03-21T02:30:00.757237Z 0 [ERROR] Cannot open Windows EventLog; check privileges, or start server with --log_syslog=0
2018-03-21T02:30:00.757237Z 0 [Note] F:\year3_sem2\dynamic_web\UwAmp\bin\database\mysql-5.7.11\bin\mysqld.exe (mysqld 5.7.11) starting as process 2184 ...
2018-03-21T02:30:00.905028Z 0 [ERROR] Can't open shared library 'F:\year3_sem2\dynamic_web\UwAmp\bin\database\mysql-5.7.11\lib\plugin\keyring_file.dll' (errno: 126 The specified module could not be found.)
2018-03-21T02:30:00.906031Z 0 [ERROR] Couldn't load plugin named 'keyring_file' with soname 'keyring_file.dll'.
2018-03-21T02:30:00.909033Z 0 [Note] InnoDB: Mutexes and rw_locks use Windows interlocked functions
2018-03-21T02:30:00.910033Z 0 [Note] InnoDB: Uses event mutexes
2018-03-21T02:30:00.911036Z 0 [Note] InnoDB: Memory barrier is not used
2018-03-21T02:30:00.912034Z 0 [Note] InnoDB: Compressed tables use zlib 1.2.3
2018-03-21T02:30:00.914036Z 0 [Note] InnoDB: Number of pools: 1
2018-03-21T02:30:00.916039Z 0 [Note] InnoDB: Not using CPU crc32 instructions
2018-03-21T02:30:00.991100Z 0 [Note] InnoDB: Initializing buffer pool, total size = 128M, instances = 1, chunk size = 128M
2018-03-21T02:30:01.004097Z 0 [Note] InnoDB: Completed initialization of buffer pool
2018-03-21T02:30:01.209182Z 0 [Note] InnoDB: Highest supported file format is Barracuda.
2018-03-21T02:30:01.750662Z 0 [Note] InnoDB: Creating shared tablespace for temporary tables
2018-03-21T02:30:01.751663Z 0 [Note] InnoDB: Setting file '.\ibtmp1' size to 12 MB. Physically writing the file full; Please wait ...
2018-03-21T02:30:02.083748Z 0 [Note] InnoDB: File '.\ibtmp1' size is now 12 MB.
2018-03-21T02:30:02.158564Z 0 [Note] InnoDB: 96 redo rollback segment(s) found. 96 redo rollback segment(s) are active.
2018-03-21T02:30:02.159565Z 0 [Note] InnoDB: 32 non-redo rollback segment(s) are active.
2018-03-21T02:30:02.160566Z 0 [Note] InnoDB: Waiting for purge to start
2018-03-21T02:30:02.222632Z 0 [Note] InnoDB: 5.7.11 started; log sequence number 2603141
2018-03-21T02:30:02.223636Z 0 [Note] InnoDB: Loading buffer pool(s) from F:\year3_sem2\dynamic_web\UwAmp\bin\database\mysql-5.7.11\data\ib_buffer_pool
2018-03-21T02:30:02.223636Z 0 [Note] Plugin 'FEDERATED' is disabled.
2018-03-21T02:30:02.500281Z 0 [Warning] Failed to set up SSL because of the following SSL library error: SSL context is not usable without certificate and private key
2018-03-21T02:30:02.503259Z 0 [Note] Server hostname (bind-address): '*'; port: 3306
2018-03-21T02:30:02.504260Z 0 [Note] IPv6 is available.
2018-03-21T02:30:02.504260Z 0 [Note]   - '::' resolves to '::';
2018-03-21T02:30:02.504260Z 0 [Note] Server socket created on IP: '::'.
2018-03-21T02:30:02.597314Z 0 [Note] InnoDB: Buffer pool(s) load completed at 180320 20:30:02
2018-03-21T02:30:03.738480Z 0 [Note] Event Scheduler: Loaded 0 events
2018-03-21T02:30:03.739498Z 0 [Note] F:\year3_sem2\dynamic_web\UwAmp\bin\database\mysql-5.7.11\bin\mysqld.exe: ready for connections.
Version: '5.7.11'  socket: ''  port: 3306  MySQL Community Server (GPL)
2018-03-24T18:57:41.274617Z 0 [Warning] TIMESTAMP with implicit DEFAULT value is deprecated. Please use --explicit_defaults_for_timestamp server option (see documentation for more details).
2018-03-24T18:57:41.275618Z 0 [Warning] 'NO_ZERO_DATE', 'NO_ZERO_IN_DATE' and 'ERROR_FOR_DIVISION_BY_ZERO' sql modes should be used with strict mode. They will be merged with strict mode in a future release.
2018-03-24T18:57:41.275618Z 0 [Warning] 'NO_AUTO_CREATE_USER' sql mode was not set.
2018-03-24T18:57:41.275618Z 0 [Warning] Insecure configuration for --secure-file-priv: Current value does not restrict location of generated files. Consider setting it to a valid, non-empty path.
2018-03-24T18:57:41.275618Z 0 [ERROR] Cannot open Windows EventLog; check privileges, or start server with --log_syslog=0
2018-03-24T18:57:41.275618Z 0 [Note] F:\year3_sem2\dynamic_web\UwAmp\bin\database\mysql-5.7.11\bin\mysqld.exe (mysqld 5.7.11) starting as process 75660 ...
2018-03-24T18:57:41.465932Z 0 [ERROR] Can't open shared library 'F:\year3_sem2\dynamic_web\UwAmp\bin\database\mysql-5.7.11\lib\plugin\keyring_file.dll' (errno: 126 The specified module could not be found.)
2018-03-24T18:57:41.466932Z 0 [ERROR] Couldn't load plugin named 'keyring_file' with soname 'keyring_file.dll'.
2018-03-24T18:57:41.468934Z 0 [Note] InnoDB: Mutexes and rw_locks use Windows interlocked functions
2018-03-24T18:57:41.468934Z 0 [Note] InnoDB: Uses event mutexes
2018-03-24T18:57:41.469935Z 0 [Note] InnoDB: Memory barrier is not used
2018-03-24T18:57:41.469935Z 0 [Note] InnoDB: Compressed tables use zlib 1.2.3
2018-03-24T18:57:41.470936Z 0 [Note] InnoDB: Number of pools: 1
2018-03-24T18:57:41.471936Z 0 [Note] InnoDB: Not using CPU crc32 instructions
2018-03-24T18:57:41.515980Z 0 [Note] InnoDB: Initializing buffer pool, total size = 128M, instances = 1, chunk size = 128M
2018-03-24T18:57:41.523989Z 0 [Note] InnoDB: Completed initialization of buffer pool
2018-03-24T18:57:41.687755Z 0 [Note] InnoDB: Highest supported file format is Barracuda.
2018-03-24T18:57:42.935452Z 0 [Note] InnoDB: Creating shared tablespace for temporary tables
2018-03-24T18:57:42.935952Z 0 [Note] InnoDB: Setting file '.\ibtmp1' size to 12 MB. Physically writing the file full; Please wait ...
2018-03-24T18:57:43.261308Z 0 [Note] InnoDB: File '.\ibtmp1' size is now 12 MB.
2018-03-24T18:57:43.298240Z 0 [Note] InnoDB: 96 redo rollback segment(s) found. 96 redo rollback segment(s) are active.
2018-03-24T18:57:43.298240Z 0 [Note] InnoDB: 32 non-redo rollback segment(s) are active.
2018-03-24T18:57:43.299238Z 0 [Note] InnoDB: Waiting for purge to start
2018-03-24T18:57:43.368906Z 0 [Note] InnoDB: 5.7.11 started; log sequence number 2603309
2018-03-24T18:57:43.369908Z 0 [Note] InnoDB: Loading buffer pool(s) from F:\year3_sem2\dynamic_web\UwAmp\bin\database\mysql-5.7.11\data\ib_buffer_pool
2018-03-24T18:57:43.369908Z 0 [Note] Plugin 'FEDERATED' is disabled.
2018-03-24T18:57:43.560801Z 0 [Warning] Failed to set up SSL because of the following SSL library error: SSL context is not usable without certificate and private key
2018-03-24T18:57:43.562786Z 0 [Note] Server hostname (bind-address): '*'; port: 3306
2018-03-24T18:57:43.563787Z 0 [Note] IPv6 is available.
2018-03-24T18:57:43.576795Z 0 [Note]   - '::' resolves to '::';
2018-03-24T18:57:43.577796Z 0 [Note] Server socket created on IP: '::'.
2018-03-24T18:57:43.649579Z 0 [Note] InnoDB: Buffer pool(s) load completed at 180324 12:57:43
2018-03-24T18:57:44.924567Z 0 [Note] Event Scheduler: Loaded 0 events
2018-03-24T18:57:44.924567Z 0 [Note] F:\year3_sem2\dynamic_web\UwAmp\bin\database\mysql-5.7.11\bin\mysqld.exe: ready for connections.
Version: '5.7.11'  socket: ''  port: 3306  MySQL Community Server (GPL)
